<?xml version="1.0" encoding="UTF-8"?>
<!-- Generated by org.testng.reporters.JUnitReportReporter -->
<testsuite hostname="DESKTOP-QNHJ5Q7" name="TestNGTests.FirstTestusingTestNG" tests="2" failures="0" timestamp="3 Aug 2023 05:36:34 GMT" time="7.297" errors="0">
  <testcase name="test1" time="6.194" classname="TestNGTests.FirstTestusingTestNG"/>
  <testcase name="test2" time="1.103" classname="TestNGTests.FirstTestusingTestNG"/>
</testsuite> <!-- TestNGTests.FirstTestusingTestNG -->
